[INFO ] 2022-09-23 10:40:16.219 [main] MavenProject - url opened
[INFO ] 2022-09-23 10:40:27.209 [main] MavenProject - Clicked on sign in link
[INFO ] 2022-09-23 10:40:40.634 [main] MavenProject - Sign in successful
[INFO ] 2022-09-23 10:40:53.382 [main] MavenProject - Clicked on TShirt
[INFO ] 2022-09-23 10:41:07.661 [main] MavenProject - Clicked on More
[INFO ] 2022-09-23 10:43:23.644 [main] MavenProject - url opened
[INFO ] 2022-09-23 10:43:27.492 [main] MavenProject - Clicked on sign in link
[INFO ] 2022-09-23 10:44:45.759 [main] MavenProject - url opened
[INFO ] 2022-09-23 10:45:06.313 [main] MavenProject - Clicked on sign in link
[INFO ] 2022-09-23 10:45:16.286 [main] MavenProject - Sign in successful
[INFO ] 2022-09-23 10:45:35.065 [main] MavenProject - Clicked on TShirt
[INFO ] 2022-09-23 10:45:52.642 [main] MavenProject - Clicked on More
[INFO ] 2022-09-23 10:47:34.866 [main] MavenProject - url opened
[INFO ] 2022-09-23 10:47:48.773 [main] MavenProject - Clicked on sign in link
[INFO ] 2022-09-23 10:48:02.888 [main] MavenProject - Sign in successful
[INFO ] 2022-09-23 10:48:18.824 [main] MavenProject - Clicked on TShirt
[INFO ] 2022-09-23 10:48:33.080 [main] MavenProject - Clicked on More
[INFO ] 2022-09-23 10:57:06.665 [main] MavenProject - url opened
[INFO ] 2022-09-23 10:57:11.618 [main] MavenProject - Clicked on sign in link
[INFO ] 2022-09-23 10:57:14.855 [main] MavenProject - Sign in successful
[INFO ] 2022-09-23 10:57:23.323 [main] MavenProject - Clicked on TShirt
[INFO ] 2022-09-23 10:58:55.379 [main] MavenProject - url opened
[INFO ] 2022-09-23 10:58:55.489 [main] MavenProject - url opened
[INFO ] 2022-09-23 10:59:06.373 [main] MavenProject - Clicked on sign in link
[INFO ] 2022-09-23 10:59:08.392 [main] MavenProject - Clicked on sign in link
[INFO ] 2022-09-23 10:59:18.851 [main] MavenProject - Sign in successful
[INFO ] 2022-09-23 10:59:30.873 [main] MavenProject - Sign in successful
[INFO ] 2022-09-23 10:59:32.498 [main] MavenProject - Clicked on TShirt
[INFO ] 2022-09-23 10:59:39.636 [main] MavenProject - Clicked on More
[INFO ] 2022-09-23 10:59:47.183 [main] MavenProject - Clicked on TShirt
[INFO ] 2022-09-23 11:01:54.047 [main] MavenProject - url opened
[INFO ] 2022-09-23 11:02:01.149 [main] MavenProject - Clicked on sign in link
[INFO ] 2022-09-23 11:02:03.996 [main] MavenProject - Sign in successful
[INFO ] 2022-09-23 11:02:06.625 [main] MavenProject - Clicked on TShirt
[INFO ] 2022-09-23 11:02:16.348 [main] MavenProject - Clicked on More
[INFO ] 2022-09-23 11:25:07.518 [main] MavenProject - url opened
[INFO ] 2022-09-23 11:25:17.786 [main] MavenProject - Clicked on sign in link
[INFO ] 2022-09-23 11:25:27.814 [main] MavenProject - Sign in successful
[INFO ] 2022-09-23 11:25:33.413 [main] MavenProject - Clicked on TShirt
[INFO ] 2022-09-23 11:25:46.027 [main] MavenProject - Clicked on More
[INFO ] 2022-09-23 11:26:08.596 [main] MavenProject - TShirt added in Cart
[INFO ] 2022-09-23 11:26:13.685 [main] MavenProject - Clicked on Proceed to checkout
[INFO ] 2022-09-23 11:32:14.034 [main] MavenProject - url opened
[INFO ] 2022-09-23 11:32:31.682 [main] MavenProject - Clicked on sign in link
[INFO ] 2022-09-23 11:32:36.092 [main] MavenProject - Sign in successful
[INFO ] 2022-09-23 11:32:42.949 [main] MavenProject - Clicked on TShirt
[INFO ] 2022-09-23 11:32:55.216 [main] MavenProject - Clicked on More
[INFO ] 2022-09-23 11:33:02.228 [main] MavenProject - TShirt added in Cart
[INFO ] 2022-09-23 11:33:05.046 [main] MavenProject - Clicked on Proceed to checkout
[INFO ] 2022-09-23 11:33:07.433 [main] MavenProject - Clicked on Proceed to checkout
[INFO ] 2022-09-23 11:38:45.027 [main] MavenProject - url opened
[INFO ] 2022-09-23 11:38:53.033 [main] MavenProject - Clicked on sign in link
[INFO ] 2022-09-23 11:38:55.902 [main] MavenProject - Sign in successful
[INFO ] 2022-09-23 11:38:59.961 [main] MavenProject - Clicked on TShirt
[INFO ] 2022-09-23 11:39:23.944 [main] MavenProject - Clicked on More
[INFO ] 2022-09-23 11:39:30.758 [main] MavenProject - TShirt added in Cart
[INFO ] 2022-09-23 11:39:36.816 [main] MavenProject - Clicked on Proceed to checkout
[INFO ] 2022-09-23 11:39:40.374 [main] MavenProject - Clicked on Proceed to checkout
[INFO ] 2022-09-23 11:40:14.737 [main] MavenProject - Clicked on Proceed to checkout
[INFO ] 2022-09-23 11:40:16.537 [main] MavenProject - Clicked on Confirm Order
[INFO ] 2022-09-24 15:59:39.905 [main] MavenProject - url opened
[INFO ] 2022-09-24 15:59:51.477 [main] MavenProject - Clicked on sign in link
[INFO ] 2022-09-24 15:59:56.819 [main] MavenProject - Sign in successful
[INFO ] 2022-09-24 16:00:03.066 [main] MavenProject - Clicked on TShirt
[INFO ] 2022-09-24 16:00:18.016 [main] MavenProject - Clicked on More
[INFO ] 2022-09-24 16:00:25.309 [main] MavenProject - TShirt added in Cart
[INFO ] 2022-09-24 16:00:27.449 [main] MavenProject - Clicked on Proceed to checkout
[INFO ] 2022-09-24 16:00:30.597 [main] MavenProject - Clicked on Proceed to checkout
[INFO ] 2022-09-24 16:17:28.149 [main] MavenProject - url opened
[INFO ] 2022-09-24 16:17:41.705 [main] MavenProject - Clicked on sign in link
[INFO ] 2022-09-24 16:17:49.224 [main] MavenProject - Sign in successful
[INFO ] 2022-09-24 16:17:58.089 [main] MavenProject - Clicked on TShirt
[INFO ] 2022-09-24 16:20:31.501 [main] MavenProject - url opened
[INFO ] 2022-09-24 16:20:49.429 [main] MavenProject - Clicked on sign in link
[INFO ] 2022-09-24 16:20:57.323 [main] MavenProject - Sign in successful
[INFO ] 2022-09-24 16:21:12.338 [main] MavenProject - Clicked on TShirt
[INFO ] 2022-09-24 16:21:24.786 [main] MavenProject - Clicked on More
[INFO ] 2022-09-24 16:21:47.390 [main] MavenProject - TShirt added in Cart
[INFO ] 2022-09-24 16:21:47.887 [main] MavenProject - Clicked on Proceed to checkout
[INFO ] 2022-09-28 22:35:37.001 [main] MavenProject - url opened
[INFO ] 2022-09-28 22:35:57.003 [main] MavenProject - Clicked on sign in link
[INFO ] 2022-09-28 22:36:08.352 [main] MavenProject - Sign in successful
[INFO ] 2022-09-28 22:36:13.578 [main] MavenProject - Clicked on TShirt
[INFO ] 2022-10-20 18:07:21.761 [main] MavenProject - url opened
[INFO ] 2022-10-20 18:07:33.804 [main] MavenProject - Clicked on sign in link
[INFO ] 2022-10-20 18:07:38.852 [main] MavenProject - Sign in successful
[INFO ] 2022-10-20 18:07:42.888 [main] MavenProject - Clicked on TShirt
[INFO ] 2022-10-20 18:07:57.710 [main] MavenProject - Clicked on More
[INFO ] 2022-10-20 18:08:06.063 [main] MavenProject - TShirt added in Cart
[INFO ] 2022-10-20 18:08:09.193 [main] MavenProject - Clicked on Proceed to checkout
[INFO ] 2022-10-20 18:08:11.639 [main] MavenProject - Clicked on Proceed to checkout
[INFO ] 2022-10-20 18:50:09.186 [main] MavenProject - url opened
[INFO ] 2022-10-20 18:50:55.665 [main] MavenProject - Clicked on sign in link
[INFO ] 2022-10-20 18:51:22.307 [main] MavenProject - Sign in successful
[INFO ] 2022-10-20 18:51:27.961 [main] MavenProject - Clicked on TShirt
[INFO ] 2022-10-20 18:51:36.879 [main] MavenProject - Clicked on More
[INFO ] 2022-10-20 18:51:49.858 [main] MavenProject - TShirt added in Cart
[INFO ] 2022-10-20 18:51:56.252 [main] MavenProject - Clicked on Proceed to checkout
[INFO ] 2022-10-20 18:52:05.875 [main] MavenProject - Clicked on Proceed to checkout
[INFO ] 2022-10-21 23:26:20.444 [main] MavenProject - url opened
[INFO ] 2022-10-21 23:26:33.789 [main] MavenProject - Clicked on sign in link
[INFO ] 2022-10-21 23:26:36.117 [main] MavenProject - Sign in successful
[INFO ] 2022-10-21 23:26:38.695 [main] MavenProject - Clicked on TShirt
